<?xml version="1.0" encoding="UTF-8"?>
<!-- Generated by org.testng.reporters.JUnitReportReporter -->
<testsuite hostname="jop55-dt" name="com.dbmi.pgrr.TN_pgrrLogin" tests="1" failures="0" timestamp="24 May 2017 19:45:49 GMT" time="14.369" errors="0">
  <testcase name="tnPgrrLogin" time="14.369" classname="com.dbmi.pgrr.TN_pgrrLogin"/>
</testsuite> <!-- com.dbmi.pgrr.TN_pgrrLogin -->
